<?xml version="1.0" encoding="UTF-8"?>
<!-- Generated by org.testng.reporters.JUnitReportReporter -->
<testsuite hostname="DESKTOP-5O9HSQK" name="steps.RegisterAccountSteps" tests="13" failures="0" timestamp="11 Dec 2018 17:56:00 GMT" time="46.435" errors="0">
  <testcase name="enterInvalidPassword" time="2.290" classname="steps.RegisterAccountSteps"/>
  <testcase name="logout" time="2.688" classname="steps.RegisterAccountSteps"/>
  <testcase name="closeGDPR" time="0.087" classname="steps.RegisterAccountSteps"/>
  <testcase name="navigateToTrelloWebsite" time="4.886" classname="steps.RegisterAccountSteps"/>
  <testcase name="switchLanguageToEnglish" time="2.449" classname="steps.RegisterAccountSteps"/>
  <testcase name="clickOnSignUp" time="4.811" classname="steps.RegisterAccountSteps"/>
  <testcase name="createAccountOnEmptyField" time="0.086" classname="steps.RegisterAccountSteps"/>
  <testcase name="gogleButtonInvisible" time="0.044" classname="steps.RegisterAccountSteps"/>
  <testcase name="enterEMail" time="0.183" classname="steps.RegisterAccountSteps"/>
  <testcase name="clickOnCreateNewAccountButton" time="25.255" classname="steps.RegisterAccountSteps"/>
  <testcase name="enterName" time="0.169" classname="steps.RegisterAccountSteps"/>
  <testcase name="enterPassword" time="0.143" classname="steps.RegisterAccountSteps"/>
  <testcase name="enterInvalidEmail" time="3.344" classname="steps.RegisterAccountSteps"/>
</testsuite> <!-- steps.RegisterAccountSteps -->
