<?xml version="1.0" encoding="UTF-8"?>
<!-- Generated by org.testng.reporters.JUnitReportReporter -->
<testsuite hostname="DESKTOP-5O9HSQK" name="steps.LogIn" tests="18" failures="0" timestamp="11 Dec 2018 19:45:26 GMT" time="63.266" errors="0">
  <testcase name="logInWithWrongPassword" time="1.441" classname="steps.LogIn"/>
  <testcase name="clickOnSignUp" time="5.088" classname="steps.LogIn"/>
  <testcase name="clickOnCreateNewAccountButton" time="30.492" classname="steps.LogIn"/>
  <testcase name="logout" time="3.165" classname="steps.LogIn"/>
  <testcase name="gogleButtonInvisible" time="0.057" classname="steps.LogIn"/>
  <testcase name="logInWithWrongEmail" time="1.415" classname="steps.LogIn"/>
  <testcase name="closeGDPR" time="0.276" classname="steps.LogIn"/>
  <testcase name="navigateToTrelloWebsite" time="4.688" classname="steps.LogIn"/>
  <testcase name="enterName" time="0.375" classname="steps.LogIn"/>
  <testcase name="switchLanguageToEnglish" time="6.469" classname="steps.LogIn"/>
  <testcase name="logInWithEmptyFields" time="0.367" classname="steps.LogIn"/>
  <testcase name="enterPassword" time="0.328" classname="steps.LogIn"/>
  <testcase name="navigateToTrelloSite" time="1.636" classname="steps.LogIn"/>
  <testcase name="logIn" time="0.429" classname="steps.LogIn"/>
  <testcase name="enterInvalidPassword" time="2.739" classname="steps.LogIn"/>
  <testcase name="createAccountOnEmptyField" time="0.097" classname="steps.LogIn"/>
  <testcase name="enterEMail" time="0.417" classname="steps.LogIn"/>
  <testcase name="enterInvalidEmail" time="3.787" classname="steps.LogIn"/>
</testsuite> <!-- steps.LogIn -->
