<?xml version="1.0" encoding="UTF-8"?>
<!-- Generated by org.testng.reporters.JUnitReportReporter -->
<testsuite hostname="DESKTOP-5O9HSQK" name="steps.RegisterAccountSteps" tests="1" failures="0" timestamp="9 Dec 2018 20:56:24 GMT" time="13.269" errors="0">
  <testcase name="aaa" time="13.269" classname="steps.RegisterAccountSteps"/>
</testsuite> <!-- steps.RegisterAccountSteps -->
