<?xml version="1.0" encoding="UTF-8"?>
<!-- Generated by org.testng.reporters.JUnitReportReporter -->
<testsuite hostname="DESKTOP-5O9HSQK" name="steps.RegisterAccountSteps" tests="1" failures="0" timestamp="9 Dec 2018 22:24:43 GMT" time="15.012" errors="0">
  <testcase name="navigateToTrelloWebsite" time="15.012" classname="steps.RegisterAccountSteps"/>
</testsuite> <!-- steps.RegisterAccountSteps -->
